0 info it worked if it ends with ok
1 verbose cli [ 'node', '/usr/local/bin/npm', 'install', '-g', 'express' ]
2 info using npm@2.7.4
3 info using node@v0.12.2
4 silly cache add args [ 'express', null ]
5 verbose cache add spec express
6 silly cache add parsed spec { raw: 'express',
6 silly cache add   scope: null,
6 silly cache add   name: 'express',
6 silly cache add   rawSpec: '',
6 silly cache add   spec: '*',
6 silly cache add   type: 'range' }
7 verbose addNamed express@*
8 silly addNamed semver.valid null
9 silly addNamed semver.validRange *
10 silly addNameRange { name: 'express', range: '*', hasData: false }
11 silly mapToRegistry name express
12 silly mapToRegistry using default registry
13 silly mapToRegistry registry https://registry.npmjs.org/
14 silly mapToRegistry uri https://registry.npmjs.org/express
15 verbose addNameRange registry:https://registry.npmjs.org/express not in flight; fetching
16 verbose request uri https://registry.npmjs.org/express
17 verbose request no auth needed
18 info attempt registry request try #1 at 2:19:20 PM
19 verbose request id 3dc65bff4ff22c44
20 http request GET https://registry.npmjs.org/express
21 http 200 https://registry.npmjs.org/express
22 silly get cb [ 200,
22 silly get   { date: 'Sun, 19 Apr 2015 11:19:21 GMT',
22 silly get     server: 'CouchDB/1.5.0 (Erlang OTP/R16B03)',
22 silly get     etag: '"35QG0PN7GDKXOV4NNMOC7NXC4"',
22 silly get     'content-type': 'application/json',
22 silly get     'cache-control': 'max-age=60',
22 silly get     'content-length': '492414',
22 silly get     'accept-ranges': 'bytes',
22 silly get     via: '1.1 varnish',
22 silly get     age: '39',
22 silly get     'x-served-by': 'cache-fra1242-FRA',
22 silly get     'x-cache': 'HIT',
22 silly get     'x-cache-hits': '1',
22 silly get     'x-timer': 'S1429442361.363893,VS0,VE3',
22 silly get     vary: 'Accept',
22 silly get     'keep-alive': 'timeout=10, max=50',
22 silly get     connection: 'Keep-Alive' } ]
23 verbose get saving express to /Users/alonbond/.npm/registry.npmjs.org/express/.cache.json
24 verbose getCacheStat cache creation not in flight; initializing
25 silly addNameRange number 2 { name: 'express', range: '*', hasData: true }
26 silly addNameRange versions [ 'express',
26 silly addNameRange   [ '0.14.0',
26 silly addNameRange     '0.14.1',
26 silly addNameRange     '1.0.0',
26 silly addNameRange     '1.0.1',
26 silly addNameRange     '1.0.2',
26 silly addNameRange     '1.0.3',
26 silly addNameRange     '1.0.4',
26 silly addNameRange     '1.0.5',
26 silly addNameRange     '1.0.6',
26 silly addNameRange     '1.0.7',
26 silly addNameRange     '1.0.8',
26 silly addNameRange     '2.0.0',
26 silly addNameRange     '2.1.0',
26 silly addNameRange     '2.1.1',
26 silly addNameRange     '2.2.0',
26 silly addNameRange     '2.2.1',
26 silly addNameRange     '2.2.2',
26 silly addNameRange     '2.3.0',
26 silly addNameRange     '2.3.1',
26 silly addNameRange     '2.3.2',
26 silly addNameRange     '2.3.3',
26 silly addNameRange     '2.3.4',
26 silly addNameRange     '2.3.5',
26 silly addNameRange     '2.3.6',
26 silly addNameRange     '2.3.7',
26 silly addNameRange     '2.3.8',
26 silly addNameRange     '2.3.9',
26 silly addNameRange     '2.3.10',
26 silly addNameRange     '2.3.11',
26 silly addNameRange     '2.3.12',
26 silly addNameRange     '2.4.0',
26 silly addNameRange     '2.4.1',
26 silly addNameRange     '2.4.2',
26 silly addNameRange     '2.4.3',
26 silly addNameRange     '2.4.4',
26 silly addNameRange     '2.4.5',
26 silly addNameRange     '2.4.6',
26 silly addNameRange     '2.4.7',
26 silly addNameRange     '2.5.0',
26 silly addNameRange     '2.5.1',
26 silly addNameRange     '2.5.2',
26 silly addNameRange     '2.5.3',
26 silly addNameRange     '2.5.4',
26 silly addNameRange     '2.5.5',
26 silly addNameRange     '2.5.6',
26 silly addNameRange     '2.5.7',
26 silly addNameRange     '2.5.8',
26 silly addNameRange     '2.5.9',
26 silly addNameRange     '2.5.10',
26 silly addNameRange     '2.5.11',
26 silly addNameRange     '3.0.0',
26 silly addNameRange     '3.0.1',
26 silly addNameRange     '3.0.2',
26 silly addNameRange     '3.0.3',
26 silly addNameRange     '3.0.4',
26 silly addNameRange     '3.0.5',
26 silly addNameRange     '3.0.6',
26 silly addNameRange     '3.1.0',
26 silly addNameRange     '3.1.1',
26 silly addNameRange     '3.1.2',
26 silly addNameRange     '3.2.0',
26 silly addNameRange     '3.2.1',
26 silly addNameRange     '3.2.2',
26 silly addNameRange     '3.2.3',
26 silly addNameRange     '3.2.4',
26 silly addNameRange     '3.2.5',
26 silly addNameRange     '3.2.6',
26 silly addNameRange     '3.3.0',
26 silly addNameRange     '3.3.1',
26 silly addNameRange     '3.3.2',
26 silly addNameRange     '3.3.3',
26 silly addNameRange     '3.3.4',
26 silly addNameRange     '3.3.5',
26 silly addNameRange     '3.3.6',
26 silly addNameRange     '1.0.0-beta',
26 silly addNameRange     '1.0.0-beta2',
26 silly addNameRange     '1.0.0-rc',
26 silly addNameRange     '1.0.0-rc2',
26 silly addNameRange     '1.0.0-rc3',
26 silly addNameRange     '1.0.0-rc4',
26 silly addNameRange     '2.0.0-beta',
26 silly addNameRange     '2.0.0-beta2',
26 silly addNameRange     '2.0.0-beta3',
26 silly addNameRange     '2.0.0-rc',
26 silly addNameRange     '2.0.0-rc2',
26 silly addNameRange     '2.0.0-rc3',
26 silly addNameRange     '3.0.0-alpha1',
26 silly addNameRange     '3.0.0-alpha2',
26 silly addNameRange     '3.0.0-alpha3',
26 silly addNameRange     '3.0.0-alpha4',
26 silly addNameRange     '3.0.0-alpha5',
26 silly addNameRange     '3.0.0-beta1',
26 silly addNameRange     '3.0.0-beta2',
26 silly addNameRange     '3.0.0-beta3',
26 silly addNameRange     '3.0.0-beta4',
26 silly addNameRange     '3.0.0-beta6',
26 silly addNameRange     '3.0.0-beta7',
26 silly addNameRange     '3.0.0-rc1',
26 silly addNameRange     '3.0.0-rc2',
26 silly addNameRange     '3.0.0-rc3',
26 silly addNameRange     '3.0.0-rc4',
26 silly addNameRange     '3.0.0-rc5',
26 silly addNameRange     '3.3.7',
26 silly addNameRange     '3.3.8',
26 silly addNameRange     '3.4.0',
26 silly addNameRange     '3.4.1',
26 silly addNameRange     '3.4.2',
26 silly addNameRange     '3.4.3',
26 silly addNameRange     '3.4.4',
26 silly addNameRange     '3.4.5',
26 silly addNameRange     '3.4.6',
26 silly addNameRange     '3.4.7',
26 silly addNameRange     '3.4.8',
26 silly addNameRange     '4.0.0-rc1',
26 silly addNameRange     '4.0.0-rc2',
26 silly addNameRange     '3.5.0',
26 silly addNameRange     '4.0.0-rc3',
26 silly addNameRange     '4.0.0-rc4',
26 silly addNameRange     '3.5.1',
26 silly addNameRange     '4.0.0',
26 silly addNameRange     '3.5.2',
26 silly addNameRange     '4.1.0',
26 silly addNameRange     '4.1.1',
26 silly addNameRange     '3.5.3',
26 silly addNameRange     '4.1.2',
26 silly addNameRange     '3.6.0',
26 silly addNameRange     '4.2.0',
26 silly addNameRange     '3.7.0',
26 silly addNameRange     '3.8.0',
26 silly addNameRange     '4.3.0',
26 silly addNameRange     '4.3.1',
26 silly addNameRange     '3.8.1',
26 silly addNameRange     '4.3.2',
26 silly addNameRange     '3.9.0',
26 silly addNameRange     '4.4.0',
26 silly addNameRange     '4.4.1',
26 silly addNameRange     '3.10.0',
26 silly addNameRange     '3.10.1',
26 silly addNameRange     '3.10.2',
26 silly addNameRange     '3.10.3',
26 silly addNameRange     '3.10.4',
26 silly addNameRange     '4.4.2',
26 silly addNameRange     '3.10.5',
26 silly addNameRange     '4.4.3',
26 silly addNameRange     '3.11.0',
26 silly addNameRange     '4.4.4',
26 silly addNameRange     '3.12.0',
26 silly addNameRange     '3.12.1',
26 silly addNameRange     '4.4.5',
26 silly addNameRange     '3.13.0',
26 silly addNameRange     '4.5.0',
26 silly addNameRange     '4.5.1',
26 silly addNameRange     '3.14.0',
26 silly addNameRange     '4.6.0',
26 silly addNameRange     '4.6.1',
26 silly addNameRange     '3.15.0',
26 silly addNameRange     '4.7.0',
26 silly addNameRange     '3.15.1',
26 silly addNameRange     '4.7.1',
26 silly addNameRange     '3.15.2',
26 silly addNameRange     '4.7.2',
26 silly addNameRange     '4.7.3',
26 silly addNameRange     '3.15.3',
26 silly addNameRange     '4.7.4',
26 silly addNameRange     '3.16.0',
26 silly addNameRange     '4.8.0',
26 silly addNameRange     '3.16.1',
26 silly addNameRange     '4.8.1',
26 silly addNameRange     '3.16.2',
26 silly addNameRange     '4.8.2',
26 silly addNameRange     '3.16.3',
26 silly addNameRange     '3.16.4',
26 silly addNameRange     '4.8.3',
26 silly addNameRange     '3.16.5',
26 silly addNameRange     '3.16.6',
26 silly addNameRange     '4.8.4',
26 silly addNameRange     '3.16.7',
26 silly addNameRange     '4.8.5',
26 silly addNameRange     '3.16.8',
26 silly addNameRange     '4.8.6',
26 silly addNameRange     '3.16.9',
26 silly addNameRange     '4.8.7',
26 silly addNameRange     '3.16.10',
26 silly addNameRange     '4.8.8',
26 silly addNameRange     '3.17.0',
26 silly addNameRange     '3.17.1',
26 silly addNameRange     '4.9.0',
26 silly addNameRange     '3.17.2',
26 silly addNameRange     '4.9.1',
26 silly addNameRange     '4.9.2',
26 silly addNameRange     '3.17.3',
26 silly addNameRange     '4.9.3',
26 silly addNameRange     '3.17.4',
26 silly addNameRange     '4.9.4',
26 silly addNameRange     '3.17.5',
26 silly addNameRange     '4.9.5',
26 silly addNameRange     '3.17.6',
26 silly addNameRange     '3.17.7',
26 silly addNameRange     '4.9.6',
26 silly addNameRange     '4.9.7',
26 silly addNameRange     '3.17.8',
26 silly addNameRange     '4.9.8',
26 silly addNameRange     '3.18.0',
26 silly addNameRange     '3.18.1',
26 silly addNameRange     '4.10.0',
26 silly addNameRange     '3.18.2',
26 silly addNameRange     '4.10.1',
26 silly addNameRange     '5.0.0-alpha.1',
26 silly addNameRange     '3.18.3',
26 silly addNameRange     '4.10.2',
26 silly addNameRange     '3.18.4',
26 silly addNameRange     '4.10.3',
26 silly addNameRange     '4.10.4',
26 silly addNameRange     '4.10.5',
26 silly addNameRange     '3.18.5',
26 silly addNameRange     '3.18.6',
26 silly addNameRange     '4.10.6',
26 silly addNameRange     '4.10.7',
26 silly addNameRange     '3.19.0',
26 silly addNameRange     '4.10.8',
26 silly addNameRange     '4.11.0',
26 silly addNameRange     '3.19.1',
26 silly addNameRange     '4.11.1',
26 silly addNameRange     '3.19.2',
26 silly addNameRange     '4.11.2',
26 silly addNameRange     '3.20.0',
26 silly addNameRange     '4.12.0',
26 silly addNameRange     '3.20.1',
26 silly addNameRange     '4.12.1',
26 silly addNameRange     '4.12.2',
26 silly addNameRange     '3.20.2',
26 silly addNameRange     '4.12.3' ] ]
27 verbose addNamed express@4.12.3
28 silly addNamed semver.valid 4.12.3
29 silly addNamed semver.validRange 4.12.3
30 silly mapToRegistry name express
31 silly mapToRegistry using default registry
32 silly mapToRegistry registry https://registry.npmjs.org/
33 silly mapToRegistry uri https://registry.npmjs.org/express
34 verbose addRemoteTarball https://registry.npmjs.org/express/-/express-4.12.3.tgz not in flight; adding
35 verbose addRemoteTarball [ 'https://registry.npmjs.org/express/-/express-4.12.3.tgz',
35 verbose addRemoteTarball   '6b9d94aec5ae03270d86d390c277a8c5a5ad0ee2' ]
36 info retry fetch attempt 1 at 2:19:21 PM
37 info attempt registry request try #1 at 2:19:21 PM
38 http fetch GET https://registry.npmjs.org/express/-/express-4.12.3.tgz
39 http fetch 200 https://registry.npmjs.org/express/-/express-4.12.3.tgz
40 silly fetchAndShaCheck shasum 6b9d94aec5ae03270d86d390c277a8c5a5ad0ee2
41 verbose addTmpTarball /var/folders/tg/g0fkx2y97h764m0gj2q5qzvh0000gn/T/npm-9684-3ec4a76e/registry.npmjs.org/express/-/express-4.12.3.tgz not in flight; adding
42 verbose addTmpTarball already have metadata; skipping unpack for express@4.12.3
43 silly cache afterAdd express@4.12.3
44 verbose afterAdd /Users/alonbond/.npm/express/4.12.3/package/package.json not in flight; writing
45 verbose afterAdd /Users/alonbond/.npm/express/4.12.3/package/package.json written
46 silly install resolved [ { name: 'express',
46 silly install resolved     description: 'Fast, unopinionated, minimalist web framework',
46 silly install resolved     version: '4.12.3',
46 silly install resolved     author: { name: 'TJ Holowaychuk', email: 'tj@vision-media.ca' },
46 silly install resolved     contributors:
46 silly install resolved      [ [Object],
46 silly install resolved        [Object],
46 silly install resolved        [Object],
46 silly install resolved        [Object],
46 silly install resolved        [Object],
46 silly install resolved        [Object],
46 silly install resolved        [Object] ],
46 silly install resolved     license: 'MIT',
46 silly install resolved     repository: { type: 'git', url: 'https://github.com/strongloop/express' },
46 silly install resolved     homepage: 'http://expressjs.com/',
46 silly install resolved     keywords:
46 silly install resolved      [ 'express',
46 silly install resolved        'framework',
46 silly install resolved        'sinatra',
46 silly install resolved        'web',
46 silly install resolved        'rest',
46 silly install resolved        'restful',
46 silly install resolved        'router',
46 silly install resolved        'app',
46 silly install resolved        'api' ],
46 silly install resolved     dependencies:
46 silly install resolved      { accepts: '~1.2.5',
46 silly install resolved        'content-disposition': '0.5.0',
46 silly install resolved        'content-type': '~1.0.1',
46 silly install resolved        cookie: '0.1.2',
46 silly install resolved        'cookie-signature': '1.0.6',
46 silly install resolved        debug: '~2.1.3',
46 silly install resolved        depd: '~1.0.0',
46 silly install resolved        'escape-html': '1.0.1',
46 silly install resolved        etag: '~1.5.1',
46 silly install resolved        finalhandler: '0.3.4',
46 silly install resolved        fresh: '0.2.4',
46 silly install resolved        'merge-descriptors': '1.0.0',
46 silly install resolved        methods: '~1.1.1',
46 silly install resolved        'on-finished': '~2.2.0',
46 silly install resolved        parseurl: '~1.3.0',
46 silly install resolved        'path-to-regexp': '0.1.3',
46 silly install resolved        'proxy-addr': '~1.0.7',
46 silly install resolved        qs: '2.4.1',
46 silly install resolved        'range-parser': '~1.0.2',
46 silly install resolved        send: '0.12.2',
46 silly install resolved        'serve-static': '~1.9.2',
46 silly install resolved        'type-is': '~1.6.1',
46 silly install resolved        vary: '~1.0.0',
46 silly install resolved        'utils-merge': '1.0.0' },
46 silly install resolved     devDependencies:
46 silly install resolved      { after: '0.8.1',
46 silly install resolved        ejs: '2.3.1',
46 silly install resolved        istanbul: '0.3.8',
46 silly install resolved        marked: '0.3.3',
46 silly install resolved        mocha: '~2.2.1',
46 silly install resolved        should: '~5.2.0',
46 silly install resolved        supertest: '~0.15.0',
46 silly install resolved        'body-parser': '~1.12.2',
46 silly install resolved        'connect-redis': '~2.2.0',
46 silly install resolved        'cookie-parser': '~1.3.4',
46 silly install resolved        'cookie-session': '~1.1.0',
46 silly install resolved        'express-session': '~1.10.4',
46 silly install resolved        jade: '~1.9.2',
46 silly install resolved        'method-override': '~2.3.2',
46 silly install resolved        morgan: '~1.5.2',
46 silly install resolved        multiparty: '~4.1.1',
46 silly install resolved        vhost: '~3.0.0' },
46 silly install resolved     engines: { node: '>= 0.10.0' },
46 silly install resolved     files: [ 'LICENSE', 'History.md', 'Readme.md', 'index.js', 'lib/' ],
46 silly install resolved     scripts:
46 silly install resolved      { test: 'mocha --require test/support/env --reporter spec --bail --check-leaks test/ test/acceptance/',
46 silly install resolved        'test-ci': 'istanbul cover node_modules/mocha/bin/_mocha --report lcovonly -- --require test/support/env --reporter spec --check-leaks test/ test/acceptance/',
46 silly install resolved        'test-cov': 'istanbul cover node_modules/mocha/bin/_mocha -- --require test/support/env --reporter dot --check-leaks test/ test/acceptance/',
46 silly install resolved        'test-tap': 'mocha --require test/support/env --reporter tap --check-leaks test/ test/acceptance/' },
46 silly install resolved     gitHead: 'f56463f8bf24015736978d0dc4d398fa22a9d758',
46 silly install resolved     bugs: { url: 'https://github.com/strongloop/express/issues' },
46 silly install resolved     _id: 'express@4.12.3',
46 silly install resolved     _shasum: '6b9d94aec5ae03270d86d390c277a8c5a5ad0ee2',
46 silly install resolved     _from: 'express@*',
46 silly install resolved     _npmVersion: '1.4.28',
46 silly install resolved     _npmUser: { name: 'dougwilson', email: 'doug@somethingdoug.com' },
46 silly install resolved     maintainers:
46 silly install resolved      [ [Object],
46 silly install resolved        [Object],
46 silly install resolved        [Object],
46 silly install resolved        [Object],
46 silly install resolved        [Object],
46 silly install resolved        [Object],
46 silly install resolved        [Object] ],
46 silly install resolved     dist:
46 silly install resolved      { shasum: '6b9d94aec5ae03270d86d390c277a8c5a5ad0ee2',
46 silly install resolved        tarball: 'http://registry.npmjs.org/express/-/express-4.12.3.tgz' },
46 silly install resolved     directories: {},
46 silly install resolved     _resolved: 'https://registry.npmjs.org/express/-/express-4.12.3.tgz' } ]
47 info install express@4.12.3 into /usr/local/lib
48 info installOne express@4.12.3
49 verbose installOne of express to /usr/local/lib not in flight; installing
50 verbose lock using /Users/alonbond/.npm/_locks/express-59b5b7164c5e2658.lock for /usr/local/lib/node_modules/express
51 silly install write writing express 4.12.3 to /usr/local/lib/node_modules/express
52 silly cache addNamed cb express@4.12.3
53 verbose unbuild lib/node_modules/express
54 silly gentlyRm /usr/local/lib/node_modules/express is being purged from base /usr/local
55 verbose gentlyRm don't care about contents; nuking /usr/local/lib/node_modules/express
56 verbose tar unpack /Users/alonbond/.npm/express/4.12.3/package.tgz
57 verbose tar unpacking to /usr/local/lib/node_modules/express
58 silly gentlyRm /usr/local/lib/node_modules/express is being purged
59 verbose gentlyRm don't care about contents; nuking /usr/local/lib/node_modules/express
60 silly gunzTarPerm modes [ '755', '644' ]
61 error tar.unpack untar error /Users/alonbond/.npm/express/4.12.3/package.tgz
62 verbose unlock done using /Users/alonbond/.npm/_locks/express-59b5b7164c5e2658.lock for /usr/local/lib/node_modules/express
63 verbose fstream_path /usr/local/lib/node_modules/express
64 verbose fstream_type Directory
65 verbose fstream_class DirWriter
66 verbose stack Error: EACCES, mkdir '/usr/local/lib/node_modules/express'
66 verbose stack     at Error (native)
67 verbose fstream_stack /usr/local/lib/node_modules/npm/node_modules/fstream/lib/dir-writer.js:36:23
67 verbose fstream_stack /usr/local/lib/node_modules/npm/node_modules/mkdirp/index.js:46:53
67 verbose fstream_stack FSReqWrap.oncomplete (fs.js:95:15)
68 verbose cwd /Users/alonbond/django_apps/tango_with_django_project
69 error Darwin 14.3.0
70 error argv "node" "/usr/local/bin/npm" "install" "-g" "express"
71 error node v0.12.2
72 error npm  v2.7.4
73 error path /usr/local/lib/node_modules/express
74 error code EACCES
75 error errno -13
76 error Error: EACCES, mkdir '/usr/local/lib/node_modules/express'
76 error     at Error (native)
76 error  { [Error: EACCES, mkdir '/usr/local/lib/node_modules/express']
76 error   errno: -13,
76 error   code: 'EACCES',
76 error   path: '/usr/local/lib/node_modules/express',
76 error   fstream_type: 'Directory',
76 error   fstream_path: '/usr/local/lib/node_modules/express',
76 error   fstream_class: 'DirWriter',
76 error   fstream_stack:
76 error    [ '/usr/local/lib/node_modules/npm/node_modules/fstream/lib/dir-writer.js:36:23',
76 error      '/usr/local/lib/node_modules/npm/node_modules/mkdirp/index.js:46:53',
76 error      'FSReqWrap.oncomplete (fs.js:95:15)' ] }
77 error Please try running this command again as root/Administrator.
78 verbose exit [ -13, true ]
79 verbose unbuild lib/node_modules/express
80 silly gentlyRm /usr/local/lib/node_modules/express is being purged from base /usr/local
81 verbose gentlyRm don't care about contents; nuking /usr/local/lib/node_modules/express
